<?xml version="1.0" encoding="UTF-8"?>
<coverage generated="1614561139206" clover="3.2.0">
  <project timestamp="1614561139206" name="All files">
    <metrics statements="40" coveredstatements="40" conditionals="28" coveredconditionals="26" methods="6" coveredmethods="6" elements="74" coveredelements="72" complexity="0" loc="40" ncloc="40" packages="1" files="2" classes="2"/>
    <file name="makingChange.ts" path="C:\Users\Hui\Desktop\prog\myProjs\janky-algos\src\makingChange.ts">
      <metrics statements="16" coveredstatements="16" conditionals="10" coveredconditionals="10" methods="3" coveredmethods="3"/>
      <line num="2" count="10" type="cond" truecount="2" falsecount="0"/>
      <line num="4" count="19" type="stmt"/>
      <line num="6" count="9" type="stmt"/>
      <line num="7" count="9" type="stmt"/>
      <line num="9" count="9" type="stmt"/>
      <line num="13" count="51" type="cond" truecount="2" falsecount="0"/>
      <line num="16" count="28" type="cond" truecount="2" falsecount="0"/>
      <line num="17" count="28" type="stmt"/>
      <line num="22" count="23" type="stmt"/>
      <line num="23" count="23" type="cond" truecount="2" falsecount="0"/>
      <line num="25" count="23" type="stmt"/>
      <line num="26" count="52" type="cond" truecount="2" falsecount="0"/>
      <line num="27" count="10" type="stmt"/>
      <line num="28" count="10" type="stmt"/>
      <line num="30" count="42" type="stmt"/>
      <line num="35" count="1" type="stmt"/>
    </file>
    <file name="minCoinsChange.ts" path="C:\Users\Hui\Desktop\prog\myProjs\janky-algos\src\minCoinsChange.ts">
      <metrics statements="24" coveredstatements="24" conditionals="18" coveredconditionals="16" methods="3" coveredmethods="3"/>
      <line num="1" count="1" type="stmt"/>
      <line num="2" count="18" type="cond" truecount="2" falsecount="0"/>
      <line num="3" count="17" type="cond" truecount="1" falsecount="1"/>
      <line num="10" count="54" type="stmt"/>
      <line num="11" count="17" type="stmt"/>
      <line num="13" count="17" type="stmt"/>
      <line num="14" count="17" type="cond" truecount="2" falsecount="0"/>
      <line num="15" count="16" type="stmt"/>
      <line num="16" count="1" type="stmt"/>
      <line num="20" count="734" type="cond" truecount="2" falsecount="0"/>
      <line num="22" count="587" type="cond" truecount="2" falsecount="0"/>
      <line num="24" count="580" type="stmt"/>
      <line num="26" count="580" type="cond" truecount="2" falsecount="0"/>
      <line num="27" count="16" type="stmt"/>
      <line num="28" count="564" type="cond" truecount="2" falsecount="0"/>
      <line num="29" count="123" type="stmt"/>
      <line num="32" count="587" type="stmt"/>
      <line num="35" count="147" type="cond" truecount="2" falsecount="0"/>
      <line num="37" count="44" type="stmt"/>
      <line num="40" count="103" type="cond" truecount="1" falsecount="1"/>
      <line num="42" count="103" type="stmt"/>
      <line num="43" count="103" type="stmt"/>
      <line num="44" count="673" type="stmt"/>
      <line num="45" count="673" type="stmt"/>
    </file>
  </project>
</coverage>
