<?xml version="1.0" encoding="UTF-8"?>
<coverage generated="1614559900257" clover="3.2.0">
  <project timestamp="1614559900257" name="All files">
    <metrics statements="37" coveredstatements="37" conditionals="26" coveredconditionals="22" methods="6" coveredmethods="6" elements="69" coveredelements="65" complexity="0" loc="37" ncloc="37" packages="1" files="2" classes="2"/>
    <file name="makingChange.ts" path="C:\Users\Hui\Desktop\prog\myProjs\janky-algos\src\makingChange.ts">
      <metrics statements="16" coveredstatements="16" conditionals="10" coveredconditionals="10" methods="3" coveredmethods="3"/>
      <line num="2" count="10" type="cond" truecount="2" falsecount="0"/>
      <line num="4" count="19" type="stmt"/>
      <line num="6" count="9" type="stmt"/>
      <line num="7" count="9" type="stmt"/>
      <line num="9" count="9" type="stmt"/>
      <line num="13" count="51" type="cond" truecount="2" falsecount="0"/>
      <line num="16" count="28" type="cond" truecount="2" falsecount="0"/>
      <line num="17" count="28" type="stmt"/>
      <line num="22" count="23" type="stmt"/>
      <line num="23" count="23" type="cond" truecount="2" falsecount="0"/>
      <line num="25" count="23" type="stmt"/>
      <line num="26" count="52" type="cond" truecount="2" falsecount="0"/>
      <line num="27" count="10" type="stmt"/>
      <line num="28" count="10" type="stmt"/>
      <line num="30" count="42" type="stmt"/>
      <line num="35" count="1" type="stmt"/>
    </file>
    <file name="minCoinsChange.ts" path="C:\Users\Hui\Desktop\prog\myProjs\janky-algos\src\minCoinsChange.ts">
      <metrics statements="21" coveredstatements="21" conditionals="16" coveredconditionals="12" methods="3" coveredmethods="3"/>
      <line num="1" count="1" type="stmt"/>
      <line num="2" count="8" type="cond" truecount="2" falsecount="0"/>
      <line num="3" count="7" type="cond" truecount="1" falsecount="1"/>
      <line num="10" count="17" type="stmt"/>
      <line num="11" count="7" type="stmt"/>
      <line num="13" count="7" type="stmt"/>
      <line num="14" count="7" type="stmt"/>
      <line num="17" count="25" type="cond" truecount="2" falsecount="0"/>
      <line num="19" count="12" type="cond" truecount="1" falsecount="1"/>
      <line num="20" count="12" type="stmt"/>
      <line num="21" count="12" type="cond" truecount="2" falsecount="0"/>
      <line num="22" count="7" type="stmt"/>
      <line num="23" count="5" type="cond" truecount="1" falsecount="1"/>
      <line num="24" count="5" type="stmt"/>
      <line num="27" count="12" type="stmt"/>
      <line num="30" count="13" type="cond" truecount="2" falsecount="0"/>
      <line num="32" count="8" type="stmt"/>
      <line num="35" count="5" type="cond" truecount="1" falsecount="1"/>
      <line num="37" count="5" type="stmt"/>
      <line num="38" count="5" type="stmt"/>
      <line num="39" count="10" type="stmt"/>
    </file>
  </project>
</coverage>
