{"C:\\Users\\Hui\\Desktop\\prog\\myProjs\\janky-algos\\src\\makingChange.ts": {"path":"C:\\Users\\Hui\\Desktop\\prog\\myProjs\\janky-algos\\src\\makingChange.ts","statementMap":{"0":{"start":{"line":2,"column":1},"end":{"line":2,"column":null}},"1":{"start":{"line":2,"column":14},"end":{"line":2,"column":null}},"2":{"start":{"line":4,"column":22},"end":{"line":4,"column":48}},"3":{"start":{"line":4,"column":44},"end":{"line":4,"column":48}},"4":{"start":{"line":6,"column":12},"end":{"line":6,"column":13}},"5":{"start":{"line":7,"column":1},"end":{"line":7,"column":32}},"6":{"start":{"line":9,"column":1},"end":{"line":9,"column":13}},"7":{"start":{"line":13,"column":2},"end":{"line":18,"column":null}},"8":{"start":{"line":16,"column":3},"end":{"line":16,"column":null}},"9":{"start":{"line":16,"column":36},"end":{"line":16,"column":44}},"10":{"start":{"line":17,"column":3},"end":{"line":17,"column":9}},"11":{"start":{"line":22,"column":16},"end":{"line":22,"column":48}},"12":{"start":{"line":23,"column":2},"end":{"line":23,"column":null}},"13":{"start":{"line":23,"column":35},"end":{"line":23,"column":46}},"14":{"start":{"line":25,"column":2},"end":{"line":31,"column":null}},"15":{"start":{"line":25,"column":15},"end":{"line":25,"column":16}},"16":{"start":{"line":26,"column":3},"end":{"line":29,"column":null}},"17":{"start":{"line":27,"column":4},"end":{"line":27,"column":null}},"18":{"start":{"line":28,"column":4},"end":{"line":28,"column":10}},"19":{"start":{"line":30,"column":3},"end":{"line":30,"column":null}},"20":{"start":{"line":35,"column":8},"end":{"line":35,"column":18}}},"fnMap":{"0":{"name":"changeAlgo","decl":{"start":{"line":1,"column":9},"end":{"line":1,"column":19}},"loc":{"start":{"line":1,"column":47},"end":{"line":33,"column":1}}},"1":{"name":"(anonymous_1)","decl":{"start":{"line":4,"column":34},"end":{"line":4,"column":35}},"loc":{"start":{"line":4,"column":39},"end":{"line":4,"column":45}}},"2":{"name":"recurseDenoms","decl":{"start":{"line":11,"column":10},"end":{"line":11,"column":23}},"loc":{"start":{"line":11,"column":57},"end":{"line":32,"column":2}}}},"branchMap":{"0":{"loc":{"start":{"line":2,"column":1},"end":{"line":2,"column":null}},"type":"if","locations":[{"start":{"line":2,"column":1},"end":{"line":2,"column":null}},{"start":{"line":2,"column":1},"end":{"line":2,"column":null}}]},"1":{"loc":{"start":{"line":13,"column":2},"end":{"line":18,"column":null}},"type":"if","locations":[{"start":{"line":13,"column":2},"end":{"line":18,"column":null}},{"start":{"line":13,"column":2},"end":{"line":18,"column":null}}]},"2":{"loc":{"start":{"line":16,"column":3},"end":{"line":16,"column":null}},"type":"if","locations":[{"start":{"line":16,"column":3},"end":{"line":16,"column":null}},{"start":{"line":16,"column":3},"end":{"line":16,"column":null}}]},"3":{"loc":{"start":{"line":23,"column":2},"end":{"line":23,"column":null}},"type":"if","locations":[{"start":{"line":23,"column":2},"end":{"line":23,"column":null}},{"start":{"line":23,"column":2},"end":{"line":23,"column":null}}]},"4":{"loc":{"start":{"line":26,"column":3},"end":{"line":29,"column":null}},"type":"if","locations":[{"start":{"line":26,"column":3},"end":{"line":29,"column":null}},{"start":{"line":26,"column":3},"end":{"line":29,"column":null}}]}},"s":{"0":10,"1":1,"2":9,"3":19,"4":9,"5":9,"6":9,"7":51,"8":28,"9":19,"10":28,"11":23,"12":23,"13":10,"14":23,"15":23,"16":52,"17":10,"18":10,"19":42,"20":1},"f":{"0":10,"1":19,"2":51},"b":{"0":[1,9],"1":[28,23],"2":[19,9],"3":[10,13],"4":[10,42]}}
,"C:\\Users\\Hui\\Desktop\\prog\\myProjs\\janky-algos\\src\\minCoinsChange.ts": {"path":"C:\\Users\\Hui\\Desktop\\prog\\myProjs\\janky-algos\\src\\minCoinsChange.ts","statementMap":{"0":{"start":{"line":2,"column":4},"end":{"line":2,"column":null}},"1":{"start":{"line":2,"column":19},"end":{"line":2,"column":29}},"2":{"start":{"line":3,"column":4},"end":{"line":3,"column":null}},"3":{"start":{"line":3,"column":26},"end":{"line":3,"column":37}},"4":{"start":{"line":10,"column":23},"end":{"line":10,"column":49}},"5":{"start":{"line":10,"column":45},"end":{"line":10,"column":49}},"6":{"start":{"line":11,"column":29},"end":{"line":11,"column":32}},"7":{"start":{"line":13,"column":4},"end":{"line":13,"column":34}},"8":{"start":{"line":14,"column":4},"end":{"line":14,"column":22}},"9":{"start":{"line":17,"column":8},"end":{"line":45,"column":null}},"10":{"start":{"line":19,"column":12},"end":{"line":26,"column":null}},"11":{"start":{"line":20,"column":30},"end":{"line":20,"column":64}},"12":{"start":{"line":21,"column":16},"end":{"line":25,"column":null}},"13":{"start":{"line":22,"column":20},"end":{"line":22,"column":null}},"14":{"start":{"line":23,"column":23},"end":{"line":25,"column":null}},"15":{"start":{"line":24,"column":20},"end":{"line":24,"column":null}},"16":{"start":{"line":27,"column":12},"end":{"line":27,"column":18}},"17":{"start":{"line":30,"column":8},"end":{"line":45,"column":null}},"18":{"start":{"line":32,"column":12},"end":{"line":32,"column":60}},"19":{"start":{"line":35,"column":8},"end":{"line":45,"column":null}},"20":{"start":{"line":37,"column":28},"end":{"line":37,"column":65}},"21":{"start":{"line":38,"column":12},"end":{"line":43,"column":null}},"22":{"start":{"line":38,"column":25},"end":{"line":38,"column":26}},"23":{"start":{"line":39,"column":16},"end":{"line":42,"column":32}},"24":{"start":{"line":1,"column":0},"end":{"line":1,"column":16}}},"fnMap":{"0":{"name":"minNumberOfCoinsForChange","decl":{"start":{"line":1,"column":16},"end":{"line":1,"column":41}},"loc":{"start":{"line":1,"column":69},"end":{"line":49,"column":1}}},"1":{"name":"(anonymous_1)","decl":{"start":{"line":10,"column":35},"end":{"line":10,"column":36}},"loc":{"start":{"line":10,"column":40},"end":{"line":10,"column":46}}},"2":{"name":"re_change","decl":{"start":{"line":15,"column":13},"end":{"line":15,"column":22}},"loc":{"start":{"line":15,"column":76},"end":{"line":48,"column":5}}}},"branchMap":{"0":{"loc":{"start":{"line":2,"column":4},"end":{"line":2,"column":null}},"type":"if","locations":[{"start":{"line":2,"column":4},"end":{"line":2,"column":null}},{"start":{"line":2,"column":4},"end":{"line":2,"column":null}}]},"1":{"loc":{"start":{"line":3,"column":4},"end":{"line":3,"column":null}},"type":"if","locations":[{"start":{"line":3,"column":4},"end":{"line":3,"column":null}},{"start":{"line":3,"column":4},"end":{"line":3,"column":null}}]},"2":{"loc":{"start":{"line":17,"column":8},"end":{"line":45,"column":null}},"type":"if","locations":[{"start":{"line":17,"column":8},"end":{"line":45,"column":null}},{"start":{"line":17,"column":8},"end":{"line":45,"column":null}}]},"3":{"loc":{"start":{"line":19,"column":12},"end":{"line":26,"column":null}},"type":"if","locations":[{"start":{"line":19,"column":12},"end":{"line":26,"column":null}},{"start":{"line":19,"column":12},"end":{"line":26,"column":null}}]},"4":{"loc":{"start":{"line":21,"column":16},"end":{"line":25,"column":null}},"type":"if","locations":[{"start":{"line":21,"column":16},"end":{"line":25,"column":null}},{"start":{"line":21,"column":16},"end":{"line":25,"column":null}}]},"5":{"loc":{"start":{"line":23,"column":23},"end":{"line":25,"column":null}},"type":"if","locations":[{"start":{"line":23,"column":23},"end":{"line":25,"column":null}},{"start":{"line":23,"column":23},"end":{"line":25,"column":null}}]},"6":{"loc":{"start":{"line":30,"column":8},"end":{"line":45,"column":null}},"type":"if","locations":[{"start":{"line":30,"column":8},"end":{"line":45,"column":null}},{"start":{"line":30,"column":8},"end":{"line":45,"column":null}}]},"7":{"loc":{"start":{"line":35,"column":8},"end":{"line":45,"column":null}},"type":"if","locations":[{"start":{"line":35,"column":8},"end":{"line":45,"column":null}},{"start":{"line":35,"column":8},"end":{"line":45,"column":null}}]}},"s":{"0":8,"1":1,"2":7,"3":0,"4":7,"5":17,"6":7,"7":7,"8":7,"9":25,"10":12,"11":12,"12":12,"13":7,"14":5,"15":5,"16":12,"17":13,"18":8,"19":5,"20":5,"21":5,"22":5,"23":10,"24":1},"f":{"0":8,"1":17,"2":25},"b":{"0":[1,7],"1":[0,7],"2":[12,13],"3":[12,0],"4":[7,5],"5":[5,0],"6":[8,5],"7":[5,0]}}
}
