TN:
SF:src\makingChange.ts
FN:1,changeAlgo
FN:4,(anonymous_1)
FN:11,recurseDenoms
FNF:3
FNH:3
FNDA:10,changeAlgo
FNDA:19,(anonymous_1)
FNDA:51,recurseDenoms
DA:2,10
DA:4,19
DA:6,9
DA:7,9
DA:9,9
DA:13,51
DA:16,28
DA:17,28
DA:22,23
DA:23,23
DA:25,23
DA:26,52
DA:27,10
DA:28,10
DA:30,42
DA:35,1
LF:16
LH:16
BRDA:2,0,0,1
BRDA:2,0,1,9
BRDA:13,1,0,28
BRDA:13,1,1,23
BRDA:16,2,0,19
BRDA:16,2,1,9
BRDA:23,3,0,10
BRDA:23,3,1,13
BRDA:26,4,0,10
BRDA:26,4,1,42
BRF:10
BRH:10
end_of_record
TN:
SF:src\minCoinsChange.ts
FN:1,minNumberOfCoinsForChange
FN:10,(anonymous_1)
FN:15,re_change
FNF:3
FNH:3
FNDA:8,minNumberOfCoinsForChange
FNDA:17,(anonymous_1)
FNDA:25,re_change
DA:1,1
DA:2,8
DA:3,7
DA:10,17
DA:11,7
DA:13,7
DA:14,7
DA:17,25
DA:19,12
DA:20,12
DA:21,12
DA:22,7
DA:23,5
DA:24,5
DA:27,12
DA:30,13
DA:32,8
DA:35,5
DA:37,5
DA:38,5
DA:39,10
LF:21
LH:21
BRDA:2,0,0,1
BRDA:2,0,1,7
BRDA:3,1,0,0
BRDA:3,1,1,7
BRDA:17,2,0,12
BRDA:17,2,1,13
BRDA:19,3,0,12
BRDA:19,3,1,0
BRDA:21,4,0,7
BRDA:21,4,1,5
BRDA:23,5,0,5
BRDA:23,5,1,0
BRDA:30,6,0,8
BRDA:30,6,1,5
BRDA:35,7,0,5
BRDA:35,7,1,0
BRF:16
BRH:12
end_of_record
