TN:
SF:src\makingChange.ts
FN:1,changeAlgo
FN:4,(anonymous_1)
FN:11,recurseDenoms
FNF:3
FNH:3
FNDA:10,changeAlgo
FNDA:19,(anonymous_1)
FNDA:51,recurseDenoms
DA:2,10
DA:4,19
DA:6,9
DA:7,9
DA:9,9
DA:13,51
DA:16,28
DA:17,28
DA:22,23
DA:23,23
DA:25,23
DA:26,52
DA:27,10
DA:28,10
DA:30,42
DA:35,1
LF:16
LH:16
BRDA:2,0,0,1
BRDA:2,0,1,9
BRDA:13,1,0,28
BRDA:13,1,1,23
BRDA:16,2,0,19
BRDA:16,2,1,9
BRDA:23,3,0,10
BRDA:23,3,1,13
BRDA:26,4,0,10
BRDA:26,4,1,42
BRF:10
BRH:10
end_of_record
TN:
SF:src\minCoinsChange.ts
FN:1,minNumberOfCoinsForChange
FN:10,(anonymous_1)
FN:18,re_change
FNF:3
FNH:3
FNDA:18,minNumberOfCoinsForChange
FNDA:54,(anonymous_1)
FNDA:734,re_change
DA:1,1
DA:2,18
DA:3,17
DA:10,54
DA:11,17
DA:13,17
DA:14,17
DA:15,16
DA:16,1
DA:20,734
DA:22,587
DA:24,580
DA:26,580
DA:27,16
DA:28,564
DA:29,123
DA:32,587
DA:35,147
DA:37,44
DA:40,103
DA:42,103
DA:43,103
DA:44,673
DA:45,673
LF:24
LH:24
BRDA:2,0,0,1
BRDA:2,0,1,17
BRDA:3,1,0,0
BRDA:3,1,1,17
BRDA:14,2,0,16
BRDA:14,2,1,1
BRDA:20,3,0,587
BRDA:20,3,1,147
BRDA:22,4,0,580
BRDA:22,4,1,7
BRDA:26,5,0,16
BRDA:26,5,1,564
BRDA:28,6,0,123
BRDA:28,6,1,441
BRDA:35,7,0,44
BRDA:35,7,1,103
BRDA:40,8,0,103
BRDA:40,8,1,0
BRF:18
BRH:16
end_of_record
